make all --print-data-base --no-builtin-variables --no-builtin-rules --question
# GNU Make 3.81
# Copyright (C) 2006  Free Software Foundation, Inc.
# This is free software; see the source for copying conditions.
# There is NO warranty; not even for MERCHANTABILITY or FITNESS FOR A
# PARTICULAR PURPOSE.

# This program built for i386-apple-darwin11.3.0
 

# Make data base, printed on Sat Jul 23 13:40:46 2022

# Variables

# automatic
<D = $(patsubst %/,%,$(dir $<))
# automatic
?F = $(notdir $?)
# makefile (from `Makefile', line 8)
OBJ = $(SRC:%.c=%.o)
# makefile (from `Makefile', line 3)
SRC = s21_calc_complements.c s21_create_matrix.c s21_determinant.c s21_eq_matrix.c s21_inverse_matrix.c s21_mult_matrix.c s21_mult_number.c s21_remove_matrix.c s21_sub_matrix.c s21_sum_matrix.c s21_transpose.c help.c
# environment
VSCODE_LOG_NATIVE = false
# automatic
?D = $(patsubst %/,%,$(dir $?))
# automatic
@D = $(patsubst %/,%,$(dir $@))
# automatic
@F = $(notdir $@)
# makefile
CURDIR := /Users/craftbec/m2/src
# makefile
SHELL = /bin/sh
# environment
VSCODE_NLS_CONFIG = {"locale":"ru","availableLanguages":{},"_languagePackSupport":true}
# environment
_ = /usr/bin/make
# makefile (from `Makefile', line 1)
MAKEFILE_LIST :=  Makefile
# environment
VSCODE_VERBOSE_LOGGING = true
# environment
__CFBundleIdentifier = com.microsoft.VSCode
# environment
VSCODE_IPC_HOOK_EXTHOST = /var/folders/zz/zyxvpxvq6csfxvn_n0002890000k28/T/vscode-ipc-11e5b3e1-9e9d-4248-891d-0b4171b6c7df.sock
# environment
VSCODE_CWD = /
# environment
PATH = /Users/craftbec/.brew/bin:/usr/local/bin:/usr/bin:/bin:/usr/sbin:/sbin:/usr/local/go/bin:/usr/local/munki:/Library/Apple/usr/bin
# environment
LSCOLORS = Gxfxcxdxbxegedabagacad
# environment
LIBRARY_PATH = /usr/local/Cellar/check/0.15.2/lib:/usr/local/lib
# environment
LaunchInstanceID = 46DB4638-D370-4C47-B14B-9AA8C35C1AF9
# environment
VSCODE_LOG_STACK = false
# environment
ELECTRON_RUN_AS_NODE = 1
# makefile (from `Makefile', line 10)
LIB = s21_matrix.a
# default
.FEATURES := target-specific order-only second-expansion else-if archives jobserver check-symlink
# environment
SSH_AUTH_SOCK = /private/tmp/com.apple.launchd.OaKyC0PPqh/Listeners
# environment
CPLUS_INCLUDE_PATH = /usr/local/include/
# automatic
%F = $(notdir $%)
# environment
HOMEBREW_TEMP = /tmp/craftbec/Homebrew/Temp
# environment
VSCODE_PIPE_LOGGING = true
# environment
PWD = /Users/craftbec/m2/src
# environment
ORIGINAL_XDG_CURRENT_DESKTOP = undefined
# environment
VSCODE_AMD_ENTRYPOINT = vs/workbench/api/node/extensionHostProcess
# environment
HOME = /Users/craftbec
# default
MAKEFILEPATH := /Applications/Xcode.app/Contents/Developer/Makefiles
# environment
VSCODE_CODE_CACHE_PATH = /Users/craftbec/Library/Application Support/Code/CachedData/dfd34e8260c270da74b5c2d86d61aee4b6d56977
# environment
LOGNAME = craftbec
# environment
APPLICATION_INSIGHTS_NO_DIAGNOSTIC_CHANNEL = 1
# environment
ZSH = /Users/craftbec/.oh-my-zsh
# environment
VSCODE_HANDLES_UNCAUGHT_ERRORS = true
# automatic
^D = $(patsubst %/,%,$(dir $^))
# environment
XPC_FLAGS = 0x0
# default
MAKE = $(MAKE_COMMAND)
# default
MAKECMDGOALS := all
# environment
HOMEBREW_CACHE = /tmp/craftbec/Homebrew/Caches
# environment
SHLVL = 1
# makefile (from `Makefile', line 1)
CC = gcc -Wall -Wextra -Werror -std=c11
# default
MAKE_VERSION := 3.81
# environment
USER = craftbec
# makefile
.DEFAULT_GOAL := all
# environment
LESS = -R
# automatic
%D = $(patsubst %/,%,$(dir $%))
# default
MAKE_COMMAND := /Applications/Xcode.app/Contents/Developer/usr/bin/make
# default
.VARIABLES := 
# environment
TMPDIR = /var/folders/zz/zyxvpxvq6csfxvn_n0002890000k28/T/
# automatic
*F = $(notdir $*)
# environment
VSCODE_IPC_HOOK = /Users/craftbec/Library/Application Support/Code/1.66.2-main.sock
# makefile
MAKEFLAGS = Rrqp
# environment
MFLAGS = -Rrqp
# automatic
*D = $(patsubst %/,%,$(dir $*))
# environment
XPC_SERVICE_NAME = application.com.microsoft.VSCode.12886298505.12886298707
# automatic
+D = $(patsubst %/,%,$(dir $+))
# automatic
+F = $(notdir $+)
# environment
__CF_USER_TEXT_ENCODING = 0x4848:0x0:0x0
# environment
COMMAND_MODE = unix2003
# default
MAKEFILES := 
# automatic
<F = $(notdir $<)
# environment
PAGER = less
# environment
LC_ALL = C
# environment
SECURITYSESSIONID = 18a64
# automatic
^F = $(notdir $^)
# default
SUFFIXES := 
# environment
C_INCLUDE_PATH = /usr/local/include/
# default
.INCLUDE_DIRS = /usr/local/include
# environment
MAKELEVEL := 0
# environment
LANG = C
# environment
VSCODE_PID = 1007
# variable set hash-table stats:
# Load=77/1024=8%, Rehash=0, Collisions=4/108=4%

# Pattern-specific Variable Values

# No pattern-specific variable values.

# Directories

# . (device 16777230, inode 958994): 19 files, no impossibilities.

# 19 files, no impossibilities in 1 directories.

# Implicit Rules

%.o: %.c s21_matrix.h
#  commands to execute (from `Makefile', line 18):
	$(CC) -c $<
	

# 1 implicit rules, 0 (0.0%) terminal.

# Files

# Not a target:
s21_inverse_matrix.o:
#  Implicit rule search has not been done.
#  Modification time never checked.
#  File has not been updated.

# Not a target:
s21_calc_complements.c:
#  Implicit rule search has been done.
#  Last modified 2022-07-23 11:37:49
#  File has been updated.
#  Successfully updated.
# variable set hash-table stats:
# Load=0/32=0%, Rehash=0, Collisions=0/0=0%

# Not a target:
s21_mult_number.o:
#  Implicit rule search has not been done.
#  Modification time never checked.
#  File has not been updated.

gcov_report: test
#  Implicit rule search has not been done.
#  Modification time never checked.
#  File has not been updated.
#  commands to execute (from `Makefile', line 29):
	lcov -t "test" -o test.info -c -d .
	genhtml -o test_output test.info
	@cd ./test_output ; open index.html
	

all: s21_matrix.a test
#  Command-line target.
#  Implicit rule search has been done.
#  File does not exist.
#  File has been updated.
#  Needs to be updated (-q is set).
# variable set hash-table stats:
# Load=0/32=0%, Rehash=0, Collisions=0/3=0%

# Not a target:
s21_create_matrix.o:
#  Implicit rule search has not been done.
#  Modification time never checked.
#  File has not been updated.

s21_matrix.a: s21_calc_complements.o s21_create_matrix.o s21_determinant.o s21_eq_matrix.o s21_inverse_matrix.o s21_mult_matrix.o s21_mult_number.o s21_remove_matrix.o s21_sub_matrix.o s21_sum_matrix.o s21_transpose.o help.o
#  Implicit rule search has not been done.
#  File does not exist.
#  File has been updated.
#  Needs to be updated (-q is set).
# variable set hash-table stats:
# Load=0/32=0%, Rehash=0, Collisions=0/3=0%
#  commands to execute (from `Makefile', line 15):
	ar rc $(LIB) $^
	

# Not a target:
s21_mult_matrix.o:
#  Implicit rule search has not been done.
#  Modification time never checked.
#  File has not been updated.

# Not a target:
s21_transpose.o:
#  Implicit rule search has not been done.
#  Modification time never checked.
#  File has not been updated.

# Not a target:
s21_eq_matrix.o:
#  Implicit rule search has not been done.
#  Modification time never checked.
#  File has not been updated.

# Not a target:
.SUFFIXES:
#  Implicit rule search has not been done.
#  Modification time never checked.
#  File has not been updated.

# Not a target:
Makefile:
#  Implicit rule search has been done.
#  Last modified 2022-07-23 11:37:49
#  File has been updated.
#  Successfully updated.
# variable set hash-table stats:
# Load=0/32=0%, Rehash=0, Collisions=0/0=0%

# Not a target:
s21_determinant.o:
#  Implicit rule search has not been done.
#  Modification time never checked.
#  File has not been updated.

test:
#  Implicit rule search has not been done.
#  Modification time never checked.
#  File has not been updated.
#  commands to execute (from `Makefile', line 21):
	$(CC) -lgcov -coverage test.c $(SRC) -lcheck -lm -lpthread -o test
	./test
	

# Not a target:
s21_sum_matrix.o:
#  Implicit rule search has not been done.
#  Modification time never checked.
#  File has not been updated.

# Not a target:
help.o:
#  Implicit rule search has not been done.
#  Modification time never checked.
#  File has not been updated.

# Not a target:
s21_matrix.h:
#  Implicit rule search has been done.
#  Last modified 2022-07-23 11:37:49
#  File has been updated.
#  Successfully updated.
# variable set hash-table stats:
# Load=0/32=0%, Rehash=0, Collisions=0/0=0%

# Not a target:
.DEFAULT:
#  Implicit rule search has not been done.
#  Modification time never checked.
#  File has not been updated.

# Not a target:
 
s21_remove_matrix.o:
#  Implicit rule search has not been done.
#  Modification time never checked.
#  File has not been updated.

re: clean all
#  Implicit rule search has not been done.
#  Modification time never checked.
#  File has not been updated.

clean:
#  Implicit rule search has not been done.
#  Modification time never checked.
#  File has not been updated.
#  commands to execute (from `Makefile', line 34):
	rm -rf $(OBJ) $(LIB)
	rm -rf *.gcno *.gcda ./test
	rm -rf ./test_output/ test.info
	rm -rf test_leaks
	rm -rf CPPLINT.cfg
	rm -rf RESULT_VALGRIND.txt
	rm -rf test_leaks.dSYM
	

s21_calc_complements.o: s21_calc_complements.c s21_matrix.h
#  Implicit rule search has been done.
#  Implicit/static pattern stem: `s21_calc_complements'
#  File does not exist.
#  File has been updated.
#  Needs to be updated (-q is set).
# automatic
# @ := s21_calc_complements.o
# automatic
# % := 
# automatic
# * := s21_calc_complements
# automatic
# + := s21_calc_complements.c s21_matrix.h
# automatic
# | := 
# automatic
# < := s21_calc_complements.c
# automatic
# ^ := s21_calc_complements.c s21_matrix.h
# automatic
# ? := s21_calc_complements.c s21_matrix.h
# variable set hash-table stats:
# Load=8/32=25%, Rehash=0, Collisions=1/12=8%
#  commands to execute (from `Makefile', line 18):
	$(CC) -c $<
	

lint:
#  Implicit rule search has not been done.
#  Modification time never checked.
#  File has not been updated.
#  commands to execute (from `Makefile', line 25):
	cp ../materials/linters/CPPLINT.cfg CPPLINT.cfg
	python3 ../materials/linters/cpplint.py --extensions=c *.c *.h
	

# Not a target:
s21_sub_matrix.o:
#  Implicit rule search has not been done.
#  Modification time never checked.
#  File has not been updated.

valgrind: s21_matrix.a
#  Implicit rule search has not been done.
#  Modification time never checked.
#  File has not been updated.
#  commands to execute (from `Makefile', line 46):
	$(CC) test.c s21_matrix.a -lcheck -o test_leaks
	valgrind --leak-check=full --show-leak-kinds=all --track-origins=yes --verbose --log-file=RESULT_VALGRIND.txt ./test_leaks
	

# files hash-table stats:
# Load=25/1024=2%, Rehash=0, Collisions=0/61=0%
# VPATH Search Paths

# No `vpath' search paths.

# No general (`VPATH' variable) search path.

# # of strings in strcache: 1
# # of strcache buffers: 1
# strcache size: total = 4096 / max = 4096 / min = 4096 / avg = 4096
# strcache free: total = 4087 / max = 4087 / min = 4087 / avg = 4087

# Finished Make data base on Sat Jul 23 13:40:46 2022

 
